<?xml version="1.0" encoding="utf-8"?><testsuites name="pytest tests"><testsuite name="pytest" errors="0" failures="2" skipped="0" tests="38" time="11.020" timestamp="2026-09-21T21:58:29.084290+00:00" hostname="agent-env-6ef2e3f5-cdc9-4a7d-80bc-22391f7d5e74"><testcase classname="tests.test_classsync_api.TestPublic" name="test_root" time="2.729" /><testcase classname="tests.test_classsync_api.TestPublic" name="test_bootstrap_empty" time="0.253" /><testcase classname="tests.test_classsync_api.TestFirstRegisterAndLock" name="test_first_register_ok" time="0.373" /><testcase classname="tests.test_classsync_api.TestFirstRegisterAndLock" name="test_second_register_blocked_by_provisional_lock" time="0.126" /><testcase classname="tests.test_classsync_api.TestClassSetup" name="test_setup_class" time="0.149" /><testcase classname="tests.test_classsync_api.TestClassSetup" name="test_setup_class_again_conflict" time="0.181" /><testcase classname="tests.test_classsync_api.TestClassSetup" name="test_default_subjects_seeded" time="0.165" /><testcase classname="tests.test_classsync_api.TestSecondRegister" name="test_no_invite_400" time="0.117" /><testcase classname="tests.test_classsync_api.TestSecondRegister" name="test_bad_invite_400" time="0.170" /><testcase classname="tests.test_classsync_api.TestSecondRegister" name="test_valid_invite_yields_studente" time="0.351" /><testcase classname="tests.test_classsync_api.TestRBACForbidden" name="test_patch_class" time="0.142" /><testcase classname="tests.test_classsync_api.TestRBACForbidden" name="test_post_subjects" time="0.173" /><testcase classname="tests.test_classsync_api.TestRBACForbidden" name="test_post_events" time="0.372" /><testcase classname="tests.test_classsync_api.TestRBACForbidden" name="test_post_announcements" time="0.169" /><testcase classname="tests.test_classsync_api.TestRBACForbidden" name="test_post_homework" time="0.116" /><testcase classname="tests.test_classsync_api.TestRBACForbidden" name="test_delete_ann_forbidden" time="0.236" /><testcase classname="tests.test_classsync_api.TestRBACForbidden" name="test_admin_dashboard_forbidden" time="0.144" /><testcase classname="tests.test_classsync_api.TestRBACForbidden" name="test_admin_log_forbidden" time="0.138" /><testcase classname="tests.test_classsync_api.TestRBACForbidden" name="test_regen_invite_forbidden" time="0.137" /><testcase classname="tests.test_classsync_api.TestAdminActions" name="test_patch_class_partial" time="0.146"><failure message="assert 422 == 200&#10; +  where 422 = &lt;Response [422]&gt;.status_code">backend/tests/test_classsync_api.py:195: in test_patch_class_partial
    assert r.status_code == 200
E   assert 422 == 200
E    +  where 422 = &lt;Response [422]&gt;.status_code</failure></testcase><testcase classname="tests.test_classsync_api.TestAdminActions" name="test_subject_crud" time="0.421" /><testcase classname="tests.test_classsync_api.TestAdminActions" name="test_event_create" time="0.143" /><testcase classname="tests.test_classsync_api.TestAdminActions" name="test_homework_create" time="0.188" /><testcase classname="tests.test_classsync_api.TestAdminActions" name="test_announcement_create_and_delete" time="0.302" /><testcase classname="tests.test_classsync_api.TestHomeworkToggle" name="test_admin_toggles" time="0.316" /><testcase classname="tests.test_classsync_api.TestHomeworkToggle" name="test_student_is_independent" time="0.137" /><testcase classname="tests.test_classsync_api.TestChat" name="test_student_post_message" time="0.132" /><testcase classname="tests.test_classsync_api.TestChat" name="test_admin_mutes_student" time="0.131" /><testcase classname="tests.test_classsync_api.TestChat" name="test_muted_cannot_post" time="0.144" /><testcase classname="tests.test_classsync_api.TestChat" name="test_admin_deletes_message_soft" time="0.312" /><testcase classname="tests.test_classsync_api.TestAnnouncements" name="test_react_and_read" time="0.602" /><testcase classname="tests.test_classsync_api.TestScores" name="test_bounds" time="0.260" /><testcase classname="tests.test_classsync_api.TestScores" name="test_personal_best_keeps_max" time="0.435" /><testcase classname="tests.test_classsync_api.TestScores" name="test_leaderboard_desc" time="0.291" /><testcase classname="tests.test_classsync_api.TestMeAndDisabled" name="test_missing_token_401" time="0.134" /><testcase classname="tests.test_classsync_api.TestMeAndDisabled" name="test_me_ok" time="0.132" /><testcase classname="tests.test_classsync_api.TestMeAndDisabled" name="test_disabled_user_401" time="0.315" /><testcase classname="tests.test_classsync_api.TestAdminLog" name="test_log_has_entries" time="0.137"><failure message="AssertionError: assert 'class.updated' in {'announcement.deleted', 'class.created', 'user.updated'}">backend/tests/test_classsync_api.py:345: in test_log_has_entries
    assert "class.updated" in actions
E   AssertionError: assert 'class.updated' in {'announcement.deleted', 'class.created', 'user.updated'}</failure></testcase></testsuite></testsuites>